k          :128
num_workers:1792
u_grid     :8
v_grid     :1
x_grid     :8
y_grid     :1
ux         :64
vy         :1
num_iters  :20
gpu        :1
lambda_p   :0.03000
lambda_q   :0.03000
lrate      :0.00000
alpha      :0.0800
beta       :0.3000
tr_path    :./hugewiki.bin.train
va_path    :
model_path :hugewiki.bin.train.model
read_problem called
num_files = 16
Threaded File Read
m:39781, n:50082604, nnz:3070140134
time elapsed:46.70052513s


shuffle problem ...
time elapsed:10.13686200s



grid problem ...
swapping ...
grid swap time:56.74444100s


scale problem ...
time elapsed:94.68012300s



init model ...
state_size:768
grid:0
grid:1
grid:2
grid:3
grid:4
grid:5
grid:6
grid:7
grid:8
grid:9
grid:10
grid:11
grid:12
grid:13
grid:14
grid:15
grid:16
grid:17
grid:18
grid:19
grid:20
grid:21
grid:22
grid:23
grid:24
grid:25
grid:26
grid:27
grid:28
grid:29
grid:30
grid:31
grid:32
grid:33
grid:34
grid:35
grid:36
grid:37
grid:38
grid:39
grid:40
grid:41
grid:42
grid:43
grid:44
grid:45
grid:46
grid:47
grid:48
grid:49
grid:50
grid:51
grid:52
grid:53
grid:54
grid:55
grid:56
grid:57
grid:58
grid:59
grid:60
grid:61
grid:62
grid:63
state_size:50082816
grid:0
time elapsed:214.74893200s



calling sgd_update_k128() ...
